[debug] [2026-07-10T10:57:19.682Z] : 
[debug] [2026-07-10T10:57:19.685Z] : ----------------------------------------------------------------------
[debug] [2026-07-10T10:57:19.685Z] : Command:      C:\Program Files\nodejs\node.exe C:\Users\NBT\AppData\Roaming\npm\node_modules\zcatalyst-cli\lib\bin\catalyst.js serve
[debug] [2026-07-10T10:57:19.686Z] : CLI Version:  1.26.2
[debug] [2026-07-10T10:57:19.686Z] : Platform:     win32
[debug] [2026-07-10T10:57:19.686Z] : Node Version: v24.18.0
[debug] [2026-07-10T10:57:19.686Z] : Time:         Fri Jul 10 2026 16:27:19 GMT+0530 (India Standard Time)
[debug] [2026-07-10T10:57:19.686Z] : ----------------------------------------------------------------------
[debug] [2026-07-10T10:57:19.686Z] : 
[debug] [2026-07-10T10:57:21.480Z] : > authorizing via signed-in user option
[debug] [2026-07-10T10:57:21.482Z] : > command requires scopes: ["ZohoCatalyst.projects.ALL","ZohoCatalyst.apigateway.apis.READ","ZohoCatalyst.apigateway.READ","ZohoCatalyst.segments.ALL","ZohoCatalyst.cache.READ","ZohoCatalyst.cache.CREATE","ZohoCatalyst.cache.DELETE","ZohoCatalyst.projects.ALL","ZohoCatalyst.cron.ALL","ZohoCatalyst.zcql.CREATE","ZohoCatalyst.projects.users.READ","ZohoCatalyst.projects.users.CREATE","ZohoCatalyst.projects.users.DELETE","ZohoCatalyst.projects.users.UPDATE","ZohoCatalyst.authentication.CREATE","ZohoCatalyst.email.CREATE","ZohoCatalyst.tables.ALL","ZohoCatalyst.tables.rows.ALL","ZohoCatalyst.tables.columns.ALL","ZohoCatalyst.tables.bulk.CREATE","ZohoCatalyst.tables.bulk.READ","ZohoCatalyst.folders.ALL","ZohoCatalyst.files.CREATE","ZohoCatalyst.files.READ","ZohoCatalyst.files.DELETE","ZohoCatalyst.functions.ALL","ZohoCatalyst.functions.EXECUTE","ZohoCatalyst.eventlistners.ALL","ZohoCatalyst.eventlisteners.produce","ZohoCatalyst.security.rules.Read","ZohoCatalyst.security.rules.Update","ZohoCatalyst.notifications.mobile","ZohoCatalyst.notifications.web","ZohoCatalyst.search.READ","ZohoCatalyst.mlkit.READ","QuickML.deployment.READ","ZohoCatalyst.pdfshot.execute","ZohoCatalyst.dataverse.execute","ZohoCatalyst.grid.READ","ZohoCatalyst.grid.terminate","ZohoCatalyst.circuits.execution.DELETE","ZohoCatalyst.circuits.execution.READ","ZohoCatalyst.circuits.execute","ZohoCatalyst.appsail.Read","ZohoCatalyst.jobpool.READ","ZohoCatalyst.job.ALL","ZohoCatalyst.nosql.READ","ZohoCatalyst.nosql.rows.ALL"]
[debug] [2026-07-10T10:57:21.517Z] : >>>> HTTP REQUEST : GET https://api.catalyst.zoho.com/baas/v1/project/62894000000042024 

[debug] [2026-07-10T10:57:22.496Z] : <<<< HTTP RESPONSE : 200
Response Headers: {"server":"ZGS","date":"Fri, 10 Jul 2026 10:57:22 GMT","content-type":"application/vnd.catalyst.v2+json","transfer-encoding":"chunked","connection":"keep-alive","x-content-type-options":"nosniff","cache-control":"private,no-cache,no-store,max-age=0,must-revalidate","pragma":"no-cache","expires":"Thu, 01 Jan 1970 00:00:00 GMT","x-frame-options":"DENY","strict-transport-security":"max-age=64072000; includeSubDomains; preload"}

[debug] [2026-07-10T10:57:22.504Z] : >>>> HTTP REQUEST : GET https://api.catalyst.zoho.com/baas/v1/project/62894000000042024/environment 

[debug] [2026-07-10T10:57:22.800Z] : <<<< HTTP RESPONSE : 200
Response Headers: {"server":"ZGS","date":"Fri, 10 Jul 2026 10:57:22 GMT","content-type":"application/vnd.catalyst.v2+json","transfer-encoding":"chunked","connection":"keep-alive","x-content-type-options":"nosniff","cache-control":"private,no-cache,no-store,max-age=0,must-revalidate","pragma":"no-cache","expires":"Thu, 01 Jan 1970 00:00:00 GMT","x-frame-options":"DENY","strict-transport-security":"max-age=64072000; includeSubDomains; preload"}

[debug] [2026-07-10T10:57:23.045Z] : >>>> HTTP REQUEST : GET https://api.catalyst.zoho.com/baas/get-details 
Query params: {"feature_name":"runtime"}

[debug] [2026-07-10T10:57:23.328Z] : <<<< HTTP RESPONSE : 200
Response Headers: {"server":"ZGS","date":"Fri, 10 Jul 2026 10:57:23 GMT","content-type":"application/vnd.catalyst.v2+json","transfer-encoding":"chunked","connection":"keep-alive","x-content-type-options":"nosniff","cache-control":"private,no-cache,no-store,max-age=0,must-revalidate","pragma":"no-cache","expires":"Thu, 01 Jan 1970 00:00:00 GMT","x-frame-options":"DENY","strict-transport-security":"max-age=64072000; includeSubDomains; preload"}

[debug] [2026-07-10T10:57:23.337Z] : >>>> HTTP REQUEST : GET https://api.catalyst.zoho.com/baas/v1/project/62894000000042024/function 
Query params: {"type":"basicio,event,cron,applogic,integration,browser_logic,job"}

[debug] [2026-07-10T10:57:23.636Z] : <<<< HTTP RESPONSE : 200
Response Headers: {"server":"ZGS","date":"Fri, 10 Jul 2026 10:57:23 GMT","content-type":"application/vnd.catalyst.v2+json","transfer-encoding":"chunked","connection":"keep-alive","x-content-type-options":"nosniff","cache-control":"private,no-cache,no-store,max-age=0,must-revalidate","pragma":"no-cache","expires":"Thu, 01 Jan 1970 00:00:00 GMT","x-frame-options":"DENY","strict-transport-security":"max-age=64072000; includeSubDomains; preload"}

[debug] [2026-07-10T10:57:23.642Z] : unknown eol undefined hence skipping check
[debug] [2026-07-10T10:57:23.643Z] : unknown eol undefined hence skipping check
[debug] [2026-07-10T10:57:23.643Z] : unknown eol undefined hence skipping check
[debug] [2026-07-10T10:57:23.659Z] : Node binary for stack node18 is at d:\Rakshak-AI\node-v18\node-v18.20.4-win-x64\node.exe
[warn] [2026-07-10T10:57:26.741Z] : ⚠ skipping serve of function [daily_crime_report] since invalid function type. Only basicio,advancedio,browser_logic are supported.
[warn] [2026-07-10T10:57:26.742Z] : ⚠ skipping serve of function [case_event_handler] since invalid function type. Only basicio,advancedio,browser_logic are supported.
[info] [2026-07-10T10:57:26.769Z] : 
[info] [2026-07-10T10:57:26.770Z] : Skipping API Gateway rules as API Gateway is disabled in local
[info] [2026-07-10T10:57:26.770Z] : 
[info] [2026-07-10T10:57:29.878Z] : 
[info] [2026-07-10T10:57:29.878Z] :  >>>>>>>>>>>>> Advanced I/O <<<<<<<<<<< 
[info] [2026-07-10T10:57:29.881Z] : ℹ rakshak_function: http://localhost:3000/server/rakshak_function/
[info] [2026-07-10T10:57:29.881Z] : 
[info] [2026-07-10T10:57:29.882Z] : 
[info] [2026-07-10T10:57:29.883Z] :  >>>>>>>>>>>>> Web Client <<<<<<<<<<<<
[info] [2026-07-10T10:57:29.884Z] : ℹ client[client]: http://localhost:3000/app/
[info] [2026-07-10T10:57:29.885Z] : 
[info] [2026-07-10T10:57:31.552Z] : [1783681051550]  "GET"  "/"
[info] [2026-07-10T10:57:31.573Z] : [1783681051573]  "GET"  "/app/"
[info] [2026-07-10T10:57:31.702Z] : [1783681051701]  "GET"  "/assets/index-DkVrPQuw.css"
[info] [2026-07-10T10:57:31.812Z] : [1783681051811]  "GET"  "/app/.catalyst%5Creload-script.js"
[info] [2026-07-10T10:57:31.945Z] : [1783681051945]  "GET"  "/assets/index-6TTlm1nb.js"
[info] [2026-07-10T10:57:32.809Z] : [1783681052808]  "GET"  "/logo.png"
[info] [2026-07-10T11:00:33.542Z] : [1783681233542]  "GET"  "/server/rakshak_function/api/ui/cases"
[info] [2026-07-10T11:00:33.546Z] : [1783681233546]  "GET"  "/server/rakshak_function/api/ui/users"
[info] [2026-07-10T11:00:38.247Z] : [1783681238247]  "GET"  "/server/rakshak_function/api/ui/users"
[info] [2026-07-10T11:00:38.553Z] : [1783681238553]  "GET"  "/server/rakshak_function/api/ui/cases"
[info] [2026-07-10T11:00:38.557Z] : [1783681238557]  "GET"  "/server/rakshak_function/api/ui/users"
[info] [2026-07-10T11:00:42.059Z] : [1783681242056]  "GET"  "/server/rakshak_function/api/ui/users"
[info] [2026-07-10T11:00:42.081Z] : [1783681242077]  "GET"  "/server/rakshak_function/api/ui/cases"
[info] [2026-07-10T11:00:42.414Z] : [1783681242414]  "PUT"  "/server/rakshak_function/api/ui/users"
[info] [2026-07-10T11:00:43.143Z] : [1783681243143]  "PUT"  "/server/rakshak_function/api/ui/users"
[info] [2026-07-10T11:00:48.984Z] : [1783681248983]  "GET"  "/server/rakshak_function/api/ui/cases"
[info] [2026-07-10T11:01:03.633Z] : [1783681263632]  "GET"  "/server/rakshak_function/api/ui/cases"
[info] [2026-07-10T11:01:03.636Z] : [1783681263636]  "GET"  "/server/rakshak_function/api/ui/users"
[info] [2026-07-10T11:01:03.939Z] : [1783681263939]  "GET"  "/server/rakshak_function/api/ui/cases"
[info] [2026-07-10T11:01:03.958Z] : [1783681263958]  "GET"  "/server/rakshak_function/api/ui/users"
[info] [2026-07-10T11:01:04.269Z] : [1783681264268]  "PUT"  "/server/rakshak_function/api/ui/users"
[info] [2026-07-10T11:01:04.591Z] : [1783681264591]  "PUT"  "/server/rakshak_function/api/ui/users"
[info] [2026-07-10T11:01:09.252Z] : [1783681269252]  "POST"  "/server/rakshak_function/api/face-analytics"
[info] [2026-07-10T11:01:42.619Z] : [1783681302619]  "POST"  "/server/rakshak_function/api/ocr"
[info] [2026-07-10T11:01:46.518Z] : [1783681306517]  "POST"  "/server/rakshak_function/api/nosql/evidence"
[info] [2026-07-10T11:03:48.532Z] : [1783681428531]  "POST"  "/server/rakshak_function/api/ocr"
[info] [2026-07-10T11:03:50.220Z] : [1783681430219]  "POST"  "/server/rakshak_function/api/ocr"
[info] [2026-07-10T11:03:51.031Z] : [1783681431030]  "POST"  "/server/rakshak_function/api/ocr"
[info] [2026-07-10T11:03:52.176Z] : [1783681432175]  "POST"  "/server/rakshak_function/api/ocr"
[info] [2026-07-10T11:04:06.451Z] : [1783681446451]  "GET"  "/server/rakshak_function/api/ui/cases"
[info] [2026-07-10T11:04:06.455Z] : [1783681446455]  "GET"  "/server/rakshak_function/api/ui/users"
[info] [2026-07-10T11:04:06.796Z] : [1783681446796]  "GET"  "/server/rakshak_function/api/ui/cases"
[info] [2026-07-10T11:04:07.429Z] : [1783681447428]  "GET"  "/server/rakshak_function/api/ui/users"
[info] [2026-07-10T11:04:07.769Z] : [1783681447768]  "PUT"  "/server/rakshak_function/api/ui/users"
[info] [2026-07-10T11:04:08.120Z] : [1783681448120]  "PUT"  "/server/rakshak_function/api/ui/users"
[info] [2026-07-10T11:04:14.928Z] : [1783681454927]  "POST"  "/server/rakshak_function/api/ocr"
[info] [2026-07-10T11:04:18.520Z] : [1783681458520]  "POST"  "/server/rakshak_function/api/nosql/evidence"
[info] [2026-07-10T11:04:41.500Z] : [1783681481500]  "POST"  "/server/rakshak_function/api/ocr"
[info] [2026-07-10T11:28:44.222Z] : [1783682924221]  "GET"  "/server/rakshak_function/api/ui/cases"
[debug] [2026-07-10T11:28:44.224Z] : > refreshing access token <
[debug] [2026-07-10T11:28:44.229Z] : >>>> HTTP REQUEST : POST https://accounts.zoho.com/oauth/v2/token 
<request body omitted>

[info] [2026-07-10T11:28:44.237Z] : [1783682924237]  "GET"  "/server/rakshak_function/api/ui/users"
[debug] [2026-07-10T11:28:44.238Z] : > refreshing access token <
[debug] [2026-07-10T11:28:44.243Z] : >>>> HTTP REQUEST : POST https://accounts.zoho.com/oauth/v2/token 
<request body omitted>

[debug] [2026-07-10T11:28:45.164Z] : <<<< HTTP RESPONSE : 200
Response Headers: {"server":"ZGS","date":"Fri, 10 Jul 2026 11:28:44 GMT","content-type":"application/json;charset=UTF-8","content-length":"2524","connection":"keep-alive","cache-control":"no-store","x-content-type-options":"nosniff","pragma":"no-cache","x-frame-options":"SAMEORIGIN","vary":"accept-encoding","content-language":"en-US","strict-transport-security":"max-age=64072000; includeSubDomains; preload"}

[debug] [2026-07-10T11:28:45.192Z] : <<<< HTTP RESPONSE : 200
Response Headers: {"server":"ZGS","date":"Fri, 10 Jul 2026 11:28:44 GMT","content-type":"application/json;charset=UTF-8","content-length":"2524","connection":"keep-alive","cache-control":"no-store","x-content-type-options":"nosniff","pragma":"no-cache","x-frame-options":"SAMEORIGIN","vary":"accept-encoding","content-language":"en-US","strict-transport-security":"max-age=64072000; includeSubDomains; preload"}

[info] [2026-07-10T11:28:46.283Z] : [1783682926282]  "GET"  "/server/rakshak_function/api/ui/cases"
[info] [2026-07-10T11:28:46.300Z] : [1783682926299]  "GET"  "/server/rakshak_function/api/ui/users"
[info] [2026-07-10T11:28:46.623Z] : [1783682926622]  "PUT"  "/server/rakshak_function/api/ui/users"
[info] [2026-07-10T11:28:47.021Z] : [1783682927020]  "PUT"  "/server/rakshak_function/api/ui/users"
[info] [2026-07-10T11:28:59.970Z] : [1783682939969]  "POST"  "/server/rakshak_function/api/ocr"
[info] [2026-07-10T11:29:05.869Z] : [1783682945868]  "POST"  "/server/rakshak_function/api/nosql/evidence"
[info] [2026-07-10T11:29:16.102Z] : [1783682956101]  "POST"  "/server/rakshak_function/api/ocr"
[info] [2026-07-10T11:29:18.615Z] : [1783682958612]  "POST"  "/server/rakshak_function/api/nosql/evidence"
[info] [2026-07-10T11:29:31.506Z] : [1783682971506]  "POST"  "/server/rakshak_function/api/moderate-image"
[info] [2026-07-10T11:29:53.218Z] : [1783682993217]  "POST"  "/server/rakshak_function/api/moderate-image"
[info] [2026-07-10T11:29:57.388Z] : [1783682997387]  "POST"  "/server/rakshak_function/api/detect-object"
[info] [2026-07-10T11:30:16.000Z] : [1783683015999]  "POST"  "/server/rakshak_function/api/scan-barcode"
[info] [2026-07-10T11:34:02.420Z] : [1783683242420]  "POST"  "/server/rakshak_function/api/face-analytics"
[info] [2026-07-10T11:34:54.445Z] : [1783683294444]  "PUT"  "/server/rakshak_function/api/ui/cases"
[info] [2026-07-10T11:35:10.245Z] : [1783683310244]  "GET"  "/server/rakshak_function/api/ui/cases"
[info] [2026-07-10T11:35:10.591Z] : [1783683310589]  "GET"  "/server/rakshak_function/api/ui/cases"
[info] [2026-07-10T11:35:21.428Z] : [1783683321428]  "PUT"  "/server/rakshak_function/api/ui/cases"
[info] [2026-07-10T11:37:32.157Z] : [1783683452156]  "GET"  "/server/rakshak_function/api/ui/cases"
[info] [2026-07-10T11:37:32.160Z] : [1783683452159]  "GET"  "/server/rakshak_function/api/ui/users"
[info] [2026-07-10T11:37:33.065Z] : [1783683453064]  "GET"  "/server/rakshak_function/api/ui/users"
[info] [2026-07-10T11:37:33.106Z] : [1783683453105]  "GET"  "/server/rakshak_function/api/ui/cases"
[info] [2026-07-10T11:37:33.376Z] : [1783683453376]  "PUT"  "/server/rakshak_function/api/ui/users"
[info] [2026-07-10T11:37:33.419Z] : [1783683453418]  "GET"  "/server/rakshak_function/api/ui/cases"
[info] [2026-07-10T11:37:33.779Z] : [1783683453778]  "PUT"  "/server/rakshak_function/api/ui/users"
[info] [2026-07-10T11:37:33.784Z] : [1783683453783]  "GET"  "/server/rakshak_function/api/ui/cases"
[info] [2026-07-10T11:40:52.916Z] : [1783683652915]  "GET"  "/server/rakshak_function/api/ui/cases"
[info] [2026-07-10T11:42:19.408Z] : [1783683739407]  "PUT"  "/server/rakshak_function/api/ui/cases"
[info] [2026-07-10T11:43:32.056Z] : [1783683812056]  "GET"  "/server/rakshak_function/api/ui/cases"
[info] [2026-07-10T11:44:45.618Z] : [1783683885617]  "PUT"  "/server/rakshak_function/api/ui/cases"
[info] [2026-07-10T11:45:13.365Z] : [1783683913364]  "PUT"  "/server/rakshak_function/api/ui/cases"
[info] [2026-07-10T11:45:27.796Z] : [1783683927795]  "GET"  "/server/rakshak_function/api/ui/cases"
[info] [2026-07-10T11:45:28.135Z] : [1783683928134]  "GET"  "/server/rakshak_function/api/ui/cases"
[info] [2026-07-10T11:45:45.008Z] : [1783683945008]  "PUT"  "/server/rakshak_function/api/ui/cases"
[info] [2026-07-10T11:47:38.931Z] : [1783684058930]  "GET"  "/server/rakshak_function/api/ui/cases"
[info] [2026-07-10T11:47:38.936Z] : [1783684058935]  "GET"  "/server/rakshak_function/api/ui/users"
[info] [2026-07-10T11:47:39.847Z] : [1783684059846]  "GET"  "/server/rakshak_function/api/ui/cases"
[info] [2026-07-10T11:47:39.876Z] : [1783684059876]  "GET"  "/server/rakshak_function/api/ui/users"
[info] [2026-07-10T11:47:40.163Z] : [1783684060162]  "GET"  "/server/rakshak_function/api/ui/cases"
[info] [2026-07-10T11:47:40.207Z] : [1783684060206]  "PUT"  "/server/rakshak_function/api/ui/users"
[info] [2026-07-10T11:47:40.518Z] : [1783684060518]  "GET"  "/server/rakshak_function/api/ui/cases"
[info] [2026-07-10T11:47:40.534Z] : [1783684060534]  "PUT"  "/server/rakshak_function/api/ui/users"
[info] [2026-07-10T11:47:48.400Z] : [1783684068399]  "GET"  "/server/rakshak_function/api/ui/cases"
[info] [2026-07-10T11:47:48.403Z] : [1783684068403]  "GET"  "/server/rakshak_function/api/ui/users"
[info] [2026-07-10T11:47:48.709Z] : [1783684068708]  "GET"  "/server/rakshak_function/api/ui/cases"
[info] [2026-07-10T11:47:48.728Z] : [1783684068727]  "GET"  "/server/rakshak_function/api/ui/users"
[info] [2026-07-10T11:47:49.039Z] : [1783684069038]  "PUT"  "/server/rakshak_function/api/ui/users"
[info] [2026-07-10T11:47:49.417Z] : [1783684069416]  "PUT"  "/server/rakshak_function/api/ui/users"
[info] [2026-07-10T11:58:23.575Z] : [1783684703574]  "GET"  "/server/rakshak_function/api/ui/cases"
[info] [2026-07-10T11:58:23.578Z] : [1783684703577]  "GET"  "/server/rakshak_function/api/ui/users"
[info] [2026-07-10T11:58:24.430Z] : [1783684704429]  "GET"  "/server/rakshak_function/api/ui/cases"
[info] [2026-07-10T11:58:24.553Z] : [1783684704553]  "GET"  "/server/rakshak_function/api/ui/users"
[info] [2026-07-10T11:58:24.876Z] : [1783684704876]  "PUT"  "/server/rakshak_function/api/ui/users"
[info] [2026-07-10T11:58:25.201Z] : [1783684705200]  "PUT"  "/server/rakshak_function/api/ui/users"
[info] [2026-07-10T11:58:29.416Z] : [1783684709416]  "GET"  "/server/rakshak_function/api/ui/users"
[info] [2026-07-10T11:58:29.419Z] : [1783684709419]  "GET"  "/server/rakshak_function/api/ui/cases"
[info] [2026-07-10T11:58:29.777Z] : [1783684709777]  "GET"  "/server/rakshak_function/api/ui/cases"
[info] [2026-07-10T11:58:29.780Z] : [1783684709780]  "GET"  "/server/rakshak_function/api/ui/users"
[info] [2026-07-10T11:58:29.969Z] : [1783684709969]  "GET"  "/server/rakshak_function/api/ui/users"
[info] [2026-07-10T11:58:30.117Z] : [1783684710117]  "GET"  "/server/rakshak_function/api/ui/cases"
[info] [2026-07-10T11:58:30.120Z] : [1783684710119]  "GET"  "/server/rakshak_function/api/ui/users"
[info] [2026-07-10T11:58:30.489Z] : [1783684710489]  "GET"  "/server/rakshak_function/api/ui/users"
[info] [2026-07-10T11:58:30.492Z] : [1783684710492]  "GET"  "/server/rakshak_function/api/ui/cases"
[info] [2026-07-10T11:58:30.822Z] : [1783684710822]  "PUT"  "/server/rakshak_function/api/ui/users"
[info] [2026-07-10T11:58:31.156Z] : [1783684711156]  "PUT"  "/server/rakshak_function/api/ui/users"
[info] [2026-07-10T11:59:26.807Z] : [1783684766806]  "GET"  "/server/rakshak_function/api/ui/cases"
[info] [2026-07-10T11:59:26.810Z] : [1783684766809]  "GET"  "/server/rakshak_function/api/ui/users"
[info] [2026-07-10T11:59:27.674Z] : [1783684767674]  "GET"  "/server/rakshak_function/api/ui/cases"
[info] [2026-07-10T11:59:27.684Z] : [1783684767684]  "GET"  "/server/rakshak_function/api/ui/users"
[info] [2026-07-10T11:59:27.987Z] : [1783684767987]  "PUT"  "/server/rakshak_function/api/ui/users"
[info] [2026-07-10T11:59:28.299Z] : [1783684768299]  "PUT"  "/server/rakshak_function/api/ui/users"
[info] [2026-07-10T11:59:28.592Z] : [1783684768592]  "GET"  "/server/rakshak_function/api/ui/users"
[info] [2026-07-10T11:59:28.595Z] : [1783684768595]  "GET"  "/server/rakshak_function/api/ui/cases"
[info] [2026-07-10T11:59:28.894Z] : [1783684768893]  "GET"  "/server/rakshak_function/api/ui/users"
[info] [2026-07-10T11:59:29.190Z] : [1783684769189]  "PUT"  "/server/rakshak_function/api/ui/users"
[info] [2026-07-10T11:59:29.464Z] : [1783684769463]  "GET"  "/server/rakshak_function/api/ui/cases"
[info] [2026-07-10T11:59:29.502Z] : [1783684769502]  "PUT"  "/server/rakshak_function/api/ui/users"
[info] [2026-07-10T12:01:03.511Z] : [1783684863511]  "GET"  "/server/rakshak_function/api/ui/users"
[info] [2026-07-10T12:01:03.514Z] : [1783684863513]  "GET"  "/server/rakshak_function/api/ui/cases"
[info] [2026-07-10T12:01:04.474Z] : [1783684864474]  "GET"  "/server/rakshak_function/api/ui/cases"
[info] [2026-07-10T12:01:04.493Z] : [1783684864493]  "GET"  "/server/rakshak_function/api/ui/users"
[info] [2026-07-10T12:01:04.806Z] : [1783684864805]  "PUT"  "/server/rakshak_function/api/ui/users"
[info] [2026-07-10T12:01:05.129Z] : [1783684865129]  "PUT"  "/server/rakshak_function/api/ui/users"
[info] [2026-07-10T12:03:15.333Z] : [1783684995333]  "GET"  "/server/rakshak_function/api/ui/users"
[info] [2026-07-10T12:03:15.337Z] : [1783684995336]  "GET"  "/server/rakshak_function/api/ui/cases"
[info] [2026-07-10T12:03:16.344Z] : [1783684996344]  "GET"  "/server/rakshak_function/api/ui/users"
[info] [2026-07-10T12:03:16.347Z] : [1783684996347]  "GET"  "/server/rakshak_function/api/ui/cases"
[info] [2026-07-10T12:03:16.688Z] : [1783684996687]  "PUT"  "/server/rakshak_function/api/ui/users"
[info] [2026-07-10T12:03:17.014Z] : [1783684997014]  "PUT"  "/server/rakshak_function/api/ui/users"
[info] [2026-07-10T12:20:08.639Z] : [1783686008639]  "GET"  "/server/rakshak_function/api/ui/cases"
[info] [2026-07-10T12:20:08.642Z] : [1783686008642]  "GET"  "/server/rakshak_function/api/ui/users"
[info] [2026-07-10T12:20:09.500Z] : [1783686009499]  "GET"  "/server/rakshak_function/api/ui/cases"
[info] [2026-07-10T12:20:09.591Z] : [1783686009591]  "GET"  "/server/rakshak_function/api/ui/users"
[info] [2026-07-10T12:20:09.907Z] : [1783686009906]  "PUT"  "/server/rakshak_function/api/ui/users"
[info] [2026-07-10T12:20:10.249Z] : [1783686010249]  "PUT"  "/server/rakshak_function/api/ui/users"
[info] [2026-07-10T12:24:58.251Z] : [1783686298250]  "POST"  "/server/rakshak_function/api/face-analytics"
[info] [2026-07-10T12:25:23.055Z] : [1783686323054]  "POST"  "/server/rakshak_function/api/ocr"
[info] [2026-07-10T12:25:26.318Z] : [1783686326318]  "POST"  "/server/rakshak_function/api/nosql/evidence"
[info] [2026-07-10T12:26:28.304Z] : [1783686388304]  "POST"  "/server/rakshak_function/api/moderate-image"
[info] [2026-07-10T12:26:58.319Z] : [1783686418319]  "POST"  "/server/rakshak_function/api/moderate-image"
[info] [2026-07-10T12:27:02.566Z] : [1783686422566]  "POST"  "/server/rakshak_function/api/detect-object"
[info] [2026-07-10T12:28:30.775Z] : [1783686510775]  "POST"  "/server/rakshak_function/api/ocr"
[info] [2026-07-10T12:28:35.420Z] : [1783686515420]  "POST"  "/server/rakshak_function/api/nosql/evidence"
[info] [2026-07-10T12:29:01.484Z] : [1783686541484]  "POST"  "/server/rakshak_function/api/moderate-image"
[debug] [2026-07-10T12:29:01.485Z] : > refreshing access token <
[debug] [2026-07-10T12:29:01.492Z] : >>>> HTTP REQUEST : POST https://accounts.zoho.com/oauth/v2/token 
<request body omitted>

[debug] [2026-07-10T12:29:02.343Z] : <<<< HTTP RESPONSE : 200
Response Headers: {"server":"ZGS","date":"Fri, 10 Jul 2026 12:29:01 GMT","content-type":"application/json;charset=UTF-8","content-length":"2524","connection":"keep-alive","cache-control":"no-store","x-content-type-options":"nosniff","pragma":"no-cache","x-frame-options":"SAMEORIGIN","vary":"accept-encoding","content-language":"en-US","strict-transport-security":"max-age=64072000; includeSubDomains; preload"}

[info] [2026-07-10T12:29:06.571Z] : [1783686546570]  "POST"  "/server/rakshak_function/api/detect-object"
[info] [2026-07-10T12:29:38.462Z] : [1783686578462]  "GET"  "/server/rakshak_function/api/ui/cases"
[info] [2026-07-10T12:29:38.464Z] : [1783686578463]  "GET"  "/server/rakshak_function/api/ui/users"
[info] [2026-07-10T12:29:38.777Z] : [1783686578776]  "GET"  "/server/rakshak_function/api/ui/cases"
[info] [2026-07-10T12:29:39.343Z] : [1783686579343]  "GET"  "/server/rakshak_function/api/ui/users"
[info] [2026-07-10T12:29:39.661Z] : [1783686579660]  "PUT"  "/server/rakshak_function/api/ui/users"
[info] [2026-07-10T12:29:39.960Z] : [1783686579959]  "PUT"  "/server/rakshak_function/api/ui/users"
[info] [2026-07-10T12:30:28.193Z] : [1783686628193]  "POST"  "/server/rakshak_function/api/scan-barcode"
[info] [2026-07-10T12:33:09.789Z] : [1783686789789]  "GET"  "/server/rakshak_function/api/ui/cases"
[info] [2026-07-10T12:33:09.793Z] : [1783686789792]  "GET"  "/server/rakshak_function/api/ui/users"
[info] [2026-07-10T12:33:12.031Z] : [1783686792030]  "GET"  "/server/rakshak_function/api/ui/cases"
[info] [2026-07-10T12:33:12.479Z] : [1783686792478]  "GET"  "/server/rakshak_function/api/ui/users"
[info] [2026-07-10T12:33:12.805Z] : [1783686792804]  "PUT"  "/server/rakshak_function/api/ui/users"
[info] [2026-07-10T12:33:13.616Z] : [1783686793616]  "PUT"  "/server/rakshak_function/api/ui/users"
[info] [2026-07-10T12:33:14.657Z] : [1783686794656]  "GET"  "/server/rakshak_function/api/ui/cases"
[info] [2026-07-10T12:33:14.660Z] : [1783686794660]  "GET"  "/server/rakshak_function/api/ui/users"
[info] [2026-07-10T12:33:15.314Z] : [1783686795314]  "GET"  "/server/rakshak_function/api/ui/cases"
[info] [2026-07-10T12:33:16.381Z] : [1783686796380]  "GET"  "/server/rakshak_function/api/ui/users"
[info] [2026-07-10T12:33:16.708Z] : [1783686796707]  "PUT"  "/server/rakshak_function/api/ui/users"
[info] [2026-07-10T12:33:17.551Z] : [1783686797550]  "PUT"  "/server/rakshak_function/api/ui/users"
